0 info it worked if it ends with ok
1 verbose cli [ 'c:\\Program Files\\nodejs\\node.exe',
1 verbose cli   'C:\\Users\\Stanley Ye\\AppData\\Roaming\\npm\\node_modules\\npm\\bin\\npm-cli.js',
1 verbose cli   'start' ]
2 info using npm@3.9.0
3 info using node@v6.9.5
4 verbose run-script [ 'prestart', 'start', 'poststart' ]
5 info lifecycle chatbot@0.0.1~prestart: chatbot@0.0.1
6 silly lifecycle chatbot@0.0.1~prestart: no script for prestart, continuing
7 info lifecycle chatbot@0.0.1~start: chatbot@0.0.1
8 verbose lifecycle chatbot@0.0.1~start: unsafe-perm in lifecycle true
9 verbose lifecycle chatbot@0.0.1~start: PATH: C:\Users\Stanley Ye\AppData\Roaming\npm\node_modules\npm\bin\node-gyp-bin;c:\Users\Stanley Ye\Documents\ubyssey\chatbot\node_modules\.bin;c:\Program Files\nodejs;c:\Users\Stanley Ye\bin;.;C:\RailsInstaller\Git\local\bin;C:\RailsInstaller\Git\mingw\bin;C:\RailsInstaller\Git\bin;c:\MinGW\bin;c:\MinGW\libexec\gcc\x86_64-pc-mingw32\5.2.0;c:\ProgramData\Oracle\Java\javapath;c:\Program Files (x86)\Intel\iCLS Client\;c:\Program Files\Intel\iCLS Client\;c:\WINDOWS\system32;c:\WINDOWS;c:\WINDOWS\System32\Wbem;c:\WINDOWS\System32\WindowsPowerShell\v1.0\;c:\Program Files\Intel\Intel(R) Management Engine Components\DAL;c:\Program Files\Intel\Intel(R) Management Engine Components\IPT;c:\Program Files (x86)\Intel\Intel(R) Management Engine Components\DAL;c:\Program Files (x86)\Intel\Intel(R) Management Engine Components\IPT;c:\Program Files\Intel\WiFi\bin\;c:\Program Files\Common Files\Intel\WirelessCommon\;C:\RailsInstaller\Git\cmd;c:\Program Files\nodejs\;c:\Program Files (x86)\Heroku\bin;c:\Program Files (x86)\git\cmd;c:\Program Files\MATLAB\MATLAB Production Server\R2015a\bin;c:\WINDOWS\system32\config\systemprofile\.dnx\bin;c:\Program Files\Microsoft DNX\Dnvm\;c:\Program Files (x86)\Windows Kits\8.1\Windows Performance Toolkit\;c:\Program Files\Git\cmd;c:\Program Files (x86)\Skype\Phone\;c:\MongoDB\Server\3.2\bin;c:\Program Files (x86)\Microsoft Visual Studio 14.0\VC\vcpackages;c:\Python27;c:\Python27\Scripts;c:\Python35-32\Scripts;c:\ffmpeg\bin;c:\Python35-32\Scripts\;c:\Python35-32\;C:\RailsInstaller\Git\cmd;c:\RailsInstaller\Ruby2.1.0\bin;c:\Program Files (x86)\Intel\iCLS Client\;c:\Program Files\Intel\iCLS Client\;c:\WINDOWS\system32;c:\WINDOWS;c:\WINDOWS\System32\Wbem;c:\WINDOWS\System32\WindowsPowerShell\v1.0\;c:\Program Files\Intel\Intel(R) Management Engine Components\DAL;c:\Program Files\Intel\Intel(R) Management Engine Components\IPT;c:\Program Files (x86)\Intel\Intel(R) Management Engine Components\DAL;c:\Program Files (x86)\Intel\Intel(R) Management Engine Components\IPT;c:\Program Files\Intel\WiFi\bin\;c:\Program Files\Common Files\Intel\WirelessCommon\;c:\Program Files (x86)\QuickTime\QTSystem\;c:\Python27;c:\Users\Stanley Ye\AppData\Roaming\npm;c:\OpenSSL-Win64\bin;c:\Users\Stanley Ye\AppData\Local\Microsoft\WindowsApps;c:\Users\Stanley Ye\AppData\Local\Programs\MiKTeX 2.9\miktex\bin\x64\;c:\ffmpeg\bin
10 verbose lifecycle chatbot@0.0.1~start: CWD: c:\Users\Stanley Ye\Documents\ubyssey\chatbot
11 silly lifecycle chatbot@0.0.1~start: Args: [ '/d /s /c', 'NODE_ENV=development&& node bootstrap.js' ]
12 silly lifecycle chatbot@0.0.1~start: Returned: code: 1  signal: null
13 info lifecycle chatbot@0.0.1~start: Failed to exec start script
14 verbose stack Error: chatbot@0.0.1 start: `NODE_ENV=development&& node bootstrap.js`
14 verbose stack Exit status 1
14 verbose stack     at EventEmitter.<anonymous> (C:\Users\Stanley Ye\AppData\Roaming\npm\node_modules\npm\lib\utils\lifecycle.js:245:16)
14 verbose stack     at emitTwo (events.js:106:13)
14 verbose stack     at EventEmitter.emit (events.js:191:7)
14 verbose stack     at ChildProcess.<anonymous> (C:\Users\Stanley Ye\AppData\Roaming\npm\node_modules\npm\lib\utils\spawn.js:24:14)
14 verbose stack     at emitTwo (events.js:106:13)
14 verbose stack     at ChildProcess.emit (events.js:191:7)
14 verbose stack     at maybeClose (internal/child_process.js:877:16)
14 verbose stack     at Process.ChildProcess._handle.onexit (internal/child_process.js:226:5)
15 verbose pkgid chatbot@0.0.1
16 verbose cwd c:\Users\Stanley Ye\Documents\ubyssey\chatbot
17 error Windows_NT 10.0.14393
18 error argv "c:\\Program Files\\nodejs\\node.exe" "C:\\Users\\Stanley Ye\\AppData\\Roaming\\npm\\node_modules\\npm\\bin\\npm-cli.js" "start"
19 error node v6.9.5
20 error npm  v3.9.0
21 error code ELIFECYCLE
22 error chatbot@0.0.1 start: `NODE_ENV=development&& node bootstrap.js`
22 error Exit status 1
23 error Failed at the chatbot@0.0.1 start script 'NODE_ENV=development&& node bootstrap.js'.
23 error Make sure you have the latest version of node.js and npm installed.
23 error If you do, this is most likely a problem with the chatbot package,
23 error not with npm itself.
23 error Tell the author that this fails on your system:
23 error     NODE_ENV=development&& node bootstrap.js
23 error You can get information on how to open an issue for this project with:
23 error     npm bugs chatbot
23 error Or if that isn't available, you can get their info via:
23 error     npm owner ls chatbot
23 error There is likely additional logging output above.
24 verbose exit [ 1, true ]
